<?xml version="1.0" encoding="UTF-8"?>
<testsuite xmlns:xsi="http://www.w3.org/2001/XMLSchema-instance" xsi:noNamespaceSchemaLocation="https://maven.apache.org/surefire/maven-surefire-plugin/xsd/surefire-test-report-3.0.xsd" version="3.0" name="se.kth.iv1350.startup.MainTest" time="0.067" tests="1" errors="0" skipped="0" failures="0">
  <properties>
[...]
</properties>
  <testcase name="testMain" classname="se.kth.iv1350.startup.MainTest" time="0.065">
    <system-out><![CDATA[[VIEW] Add 1 item with item id 101:

[VIEW] There was an unexpected problem adding the item.
[VIEW] Add 1 item with item id 102:

[VIEW] There was an unexpected problem adding the item.
[VIEW] Add 3 item with item id 101:

[VIEW] There was an unexpected problem adding the item.
[VIEW] End sale:
Total: 					142,57 SEK.
VAT: 8,55.
[OBSERVER] Total revenue: 128,31 SEK
[OBSERVER (TEMPLATE)] Total revenue: 128,31 SEK
[OBSERVER (TEMPLATE)] Total revenue: 128,31 SEK
------------------ Begin receipt -------------------
Time of Sale: 2025-05-27 11:27:41


BigWheel Oatmeal	4 x 31,69	126,78 SEK
YouGoGo Blueberry	1 x 15,79	15,79 SEK

Total: 					142,57 SEK
VAT: 8,55
Discount: 				-14,26 SEK
Final: 					128,31 SEK
Cash: 					500,00 SEK
Change: 				371,69 SEK
------------------ End receipt ---------------------
[VIEW] Add 1 item with item id 105:

[VIEW] ItemID was not found.
[VIEW] Add 3 item with item id 104:

[VIEW] ItemID was not found.
[VIEW] Add 5 item with item id 103:

[VIEW] ItemID was not found.
[VIEW] Add 7 item with item id 102:

[VIEW] There was an unexpected problem adding the item.
[VIEW] Add 9 item with item id 101:

[VIEW] There was an unexpected problem adding the item.
[VIEW] End sale:
Total: 					395,80 SEK.
VAT: 23,75.
[OBSERVER] Total revenue: 524,12 SEK
[OBSERVER (TEMPLATE)] Total revenue: 524,12 SEK
[OBSERVER (TEMPLATE)] Total revenue: 524,12 SEK
------------------ Begin receipt -------------------
Time of Sale: 2025-05-27 11:27:41


YouGoGo Blueberry	7 x 15,79	110,56 SEK
BigWheel Oatmeal	9 x 31,69	285,25 SEK

Total: 					395,80 SEK
VAT: 23,75
Final: 					395,80 SEK
Cash: 					1000,00 SEK
Change: 				604,20 SEK
------------------ End receipt ---------------------
[VIEW] Add 1 item with item id 101:

[VIEW] There was an unexpected problem adding the item.
[VIEW] Add 3 item with item id 101:

[VIEW] There was an unexpected problem adding the item.
[VIEW] Add 5 item with item id 102:

[VIEW] There was an unexpected problem adding the item.
[VIEW] Add 7 item with item id 101:

[VIEW] There was an unexpected problem adding the item.
[VIEW] Add 9 item with item id 101:

[VIEW] There was an unexpected problem adding the item.
[VIEW] CustomerID was not found.
[VIEW] End sale:
Total: 					712,85 SEK.
VAT: 42,77.
[OBSERVER] Total revenue: 1236,97 SEK
[OBSERVER (TEMPLATE)] Total revenue: 1236,97 SEK
[OBSERVER (TEMPLATE)] Total revenue: 1236,97 SEK
------------------ Begin receipt -------------------
Time of Sale: 2025-05-27 11:27:41


BigWheel Oatmeal	20 x 31,69	633,88 SEK
YouGoGo Blueberry	5 x 15,79	78,97 SEK

Total: 					712,85 SEK
VAT: 42,77
Final: 					712,85 SEK
Cash: 					1000,00 SEK
Change: 				287,15 SEK
------------------ End receipt ---------------------
[VIEW] Add 1 item with item id 0:

[VIEW] No connection to the database.
[VIEW] End sale:
Total: 					0,00 SEK.
VAT: 0,00.
[OBSERVER] Total revenue: 1236,97 SEK
[OBSERVER (TEMPLATE)] Total revenue: 1236,97 SEK
[OBSERVER (TEMPLATE)] Total revenue: 1236,97 SEK
------------------ Begin receipt -------------------
Time of Sale: 2025-05-27 11:27:41



Total: 					0,00 SEK
VAT: 0,00
Final: 					0,00 SEK
Cash: 					100,00 SEK
Change: 				100,00 SEK
------------------ End receipt ---------------------
[VIEW] Add 1 item with item id 101:

[VIEW] There was an unexpected problem adding the item.
[VIEW] End sale:
Total: 					31,69 SEK.
VAT: 1,90.
[VIEW] No connection to the database.
[OBSERVER] Total revenue: 1268,66 SEK
[OBSERVER (TEMPLATE)] Total revenue: 1268,66 SEK
[OBSERVER (TEMPLATE)] Total revenue: 1268,66 SEK
------------------ Begin receipt -------------------
Time of Sale: 2025-05-27 11:27:41


BigWheel Oatmeal	1 x 31,69	31,69 SEK

Total: 					31,69 SEK
VAT: 1,90
Final: 					31,69 SEK
Cash: 					100,00 SEK
Change: 				68,31 SEK
------------------ End receipt ---------------------
]]></system-out>
  </testcase>
</testsuite>