<?xml version="1.0" encoding="UTF-8"?>
<testsuite xmlns:xsi="http://www.w3.org/2001/XMLSchema-instance" xsi:noNamespaceSchemaLocation="https://maven.apache.org/surefire/maven-surefire-plugin/xsd/surefire-test-report-3.0.xsd" version="3.0" name="se.kth.iv1350.model.SaleTest" time="0.018" tests="4" errors="0" skipped="0" failures="0">
  <properties>
[...]
</properties>
  <testcase name="testAddItem" classname="se.kth.iv1350.model.SaleTest" time="0.002"/>
  <testcase name="testCheckDuplicate" classname="se.kth.iv1350.model.SaleTest" time="0.002"/>
  <testcase name="testAddDuplicateItem" classname="se.kth.iv1350.model.SaleTest" time="0.003"/>
  <testcase name="testCalculateTotal" classname="se.kth.iv1350.model.SaleTest" time="0.002"/>
</testsuite>