<?xml version="1.0" encoding="UTF-8"?>
<testsuite xmlns:xsi="http://www.w3.org/2001/XMLSchema-instance" xsi:noNamespaceSchemaLocation="https://maven.apache.org/surefire/maven-surefire-plugin/xsd/surefire-test-report-3.0.xsd" version="3.0" name="se.kth.iv1350.controller.ControllerTest" time="0.044" tests="4" errors="0" skipped="0" failures="0">
  <properties>
[...]
</properties>
  <testcase name="testEndSale" classname="se.kth.iv1350.controller.ControllerTest" time="0.027">
    <system-out><![CDATA[Starting controller...
accountingDB: se.kth.iv1350.integration.AccountingDB@9597028
discountDB: se.kth.iv1350.integration.DiscountDB@4efbca5a
inventoryDB: se.kth.iv1350.integration.InventoryDB@77fbd92c
Starting printer...
Printer: se.kth.iv1350.integration.Printer@1a482e36
----- RECEIPT -----
Date: 2025-05-19T21:29:45.031426
Items:
BigWheel Oatmeal x2 - 29.9 each
YouGoGo Blueberry x2 - 14.9 each
-------------------
Total: 47.488
VAT: 2.8492799
-------------------

]]></system-out>
  </testcase>
  <testcase name="testAddItem" classname="se.kth.iv1350.controller.ControllerTest" time="0.001">
    <system-out><![CDATA[Starting controller...
accountingDB: se.kth.iv1350.integration.AccountingDB@3590fc5b
discountDB: se.kth.iv1350.integration.DiscountDB@397fbdb
inventoryDB: se.kth.iv1350.integration.InventoryDB@33d512c1
Starting printer...
Printer: se.kth.iv1350.integration.Printer@515c6049
]]></system-out>
  </testcase>
  <testcase name="testFindInvalidItemId" classname="se.kth.iv1350.controller.ControllerTest" time="0.002">
    <system-out><![CDATA[Starting controller...
accountingDB: se.kth.iv1350.integration.AccountingDB@639c2c1d
discountDB: se.kth.iv1350.integration.DiscountDB@5fe94a96
inventoryDB: se.kth.iv1350.integration.InventoryDB@443118b0
Starting printer...
Printer: se.kth.iv1350.integration.Printer@765d7657
]]></system-out>
  </testcase>
  <testcase name="testAddDuplicateItem" classname="se.kth.iv1350.controller.ControllerTest" time="0.0">
    <system-out><![CDATA[Starting controller...
accountingDB: se.kth.iv1350.integration.AccountingDB@2b71e916
discountDB: se.kth.iv1350.integration.DiscountDB@36fc695d
inventoryDB: se.kth.iv1350.integration.InventoryDB@28701274
Starting printer...
Printer: se.kth.iv1350.integration.Printer@13c9d689
]]></system-out>
  </testcase>
</testsuite>