<?xml version="1.0" encoding="UTF-8"?>
<testsuite xmlns:xsi="http://www.w3.org/2001/XMLSchema-instance" xsi:noNamespaceSchemaLocation="https://maven.apache.org/surefire/maven-surefire-plugin/xsd/surefire-test-report-3.0.xsd" version="3.0" name="se.kth.iv1350.startup.MainTest" time="0.029" tests="1" errors="0" skipped="0" failures="0">
  <properties>
[...]
</properties>
  <testcase name="testMain" classname="se.kth.iv1350.startup.MainTest" time="0.024">
    <system-out><![CDATA[Add 1 item with item id 101:

ItemID: 101
Item name: BigWheel Oatmeal
Item cost: 31,69 SEK
VAT: 6,00%
Item description: BigWheel Oatmeal 500 g, whole grain oats, 7 high fiber, gluten free

Total cost (incl VAT): 31,69 SEK
Total VAT: 1,90 SEK


Add 1 item with item id 102:

ItemID: 102
Item name: YouGoGo Blueberry
Item cost: 15,79 SEK
VAT: 6,00%
Item description: YouGoGo Blueberry 240g, low sugar yoghurt, blueberry flavour.

Total cost (incl VAT): 47,49 SEK
Total VAT: 2,85 SEK


Add 3 item with item id 101:

ItemID: 101
Item name: BigWheel Oatmeal
Item cost: 31,69 SEK
VAT: 6,00%
Item description: BigWheel Oatmeal 500 g, whole grain oats, 7 high fiber, gluten free

Total cost (incl VAT): 47,49 SEK
Total VAT: 2,85 SEK


End sale:

Total: 					47,49 SEK
VAT: 2,85

Customer 201 is eligible for discount: -4,75 SEK

Total revenue: 42,74 SEK
Total revenue: 42,74 SEK
------------------ Begin receipt -------------------
Time of Sale: 2025-05-19 23:02:32


BigWheel Oatmeal	4 x 31,69	126,78 SEK
YouGoGo Blueberry	1 x 15,79	15,79 SEK

Total: 					47,49 SEK
VAT: 2,85
Discount: 				-4,75 SEK
Final: 					42,74 SEK
Cash: 					500,00 SEK
Change: 				452,51 SEK
------------------ End receipt ---------------------
Add 1 item with item id 105:

Could not add item
Add 3 item with item id 104:

Could not add item
Add 5 item with item id 103:

Could not add item
Add 7 item with item id 102:

ItemID: 102
Item name: YouGoGo Blueberry
Item cost: 15,79 SEK
VAT: 6,00%
Item description: YouGoGo Blueberry 240g, low sugar yoghurt, blueberry flavour.

Total cost (incl VAT): 15,79 SEK
Total VAT: 0,95 SEK


Add 9 item with item id 101:

ItemID: 101
Item name: BigWheel Oatmeal
Item cost: 31,69 SEK
VAT: 6,00%
Item description: BigWheel Oatmeal 500 g, whole grain oats, 7 high fiber, gluten free

Total cost (incl VAT): 47,49 SEK
Total VAT: 2,85 SEK


End sale:

Total: 					47,49 SEK
VAT: 2,85
Total revenue: 47,49 SEK
Total revenue: 47,49 SEK
------------------ Begin receipt -------------------
Time of Sale: 2025-05-19 23:02:32


YouGoGo Blueberry	7 x 15,79	110,56 SEK
BigWheel Oatmeal	9 x 31,69	285,25 SEK

Total: 					47,49 SEK
VAT: 2,85
Discount: 				-0,00 SEK
Final: 					47,49 SEK
Cash: 					1000,00 SEK
Change: 				952,51 SEK
------------------ End receipt ---------------------
Add 1 item with item id 101:

ItemID: 101
Item name: BigWheel Oatmeal
Item cost: 31,69 SEK
VAT: 6,00%
Item description: BigWheel Oatmeal 500 g, whole grain oats, 7 high fiber, gluten free

Total cost (incl VAT): 31,69 SEK
Total VAT: 1,90 SEK


Add 3 item with item id 101:

ItemID: 101
Item name: BigWheel Oatmeal
Item cost: 31,69 SEK
VAT: 6,00%
Item description: BigWheel Oatmeal 500 g, whole grain oats, 7 high fiber, gluten free

Total cost (incl VAT): 31,69 SEK
Total VAT: 1,90 SEK


Add 5 item with item id 102:

ItemID: 102
Item name: YouGoGo Blueberry
Item cost: 15,79 SEK
VAT: 6,00%
Item description: YouGoGo Blueberry 240g, low sugar yoghurt, blueberry flavour.

Total cost (incl VAT): 47,49 SEK
Total VAT: 2,85 SEK


Add 7 item with item id 101:

ItemID: 101
Item name: BigWheel Oatmeal
Item cost: 31,69 SEK
VAT: 6,00%
Item description: BigWheel Oatmeal 500 g, whole grain oats, 7 high fiber, gluten free

Total cost (incl VAT): 47,49 SEK
Total VAT: 2,85 SEK


Add 9 item with item id 101:

ItemID: 101
Item name: BigWheel Oatmeal
Item cost: 31,69 SEK
VAT: 6,00%
Item description: BigWheel Oatmeal 500 g, whole grain oats, 7 high fiber, gluten free

Total cost (incl VAT): 47,49 SEK
Total VAT: 2,85 SEK


Customer ID was not found: 212
End sale:

Total: 					47,49 SEK
VAT: 2,85
Total revenue: 47,49 SEK
Total revenue: 47,49 SEK
------------------ Begin receipt -------------------
Time of Sale: 2025-05-19 23:02:32


BigWheel Oatmeal	20 x 31,69	633,88 SEK
YouGoGo Blueberry	5 x 15,79	78,97 SEK

Total: 					47,49 SEK
VAT: 2,85
Discount: 				-0,00 SEK
Final: 					47,49 SEK
Cash: 					1000,00 SEK
Change: 				952,51 SEK
------------------ End receipt ---------------------
Add 1 item with item id 0:

Could not add item
End sale:

Total: 					0,00 SEK
VAT: 0,00
Total revenue: 0,00 SEK
Total revenue: 0,00 SEK
------------------ Begin receipt -------------------
Time of Sale: 2025-05-19 23:02:32



Total: 					0,00 SEK
VAT: 0,00
Discount: 				-0,00 SEK
Final: 					0,00 SEK
Cash: 					100,00 SEK
Change: 				100,00 SEK
------------------ End receipt ---------------------
Add 1 item with item id 101:

ItemID: 101
Item name: BigWheel Oatmeal
Item cost: 31,69 SEK
VAT: 6,00%
Item description: BigWheel Oatmeal 500 g, whole grain oats, 7 high fiber, gluten free

Total cost (incl VAT): 31,69 SEK
Total VAT: 1,90 SEK


End sale:

Total: 					31,69 SEK
VAT: 1,90
No connection to the discountDB
Total revenue: 31,69 SEK
Total revenue: 31,69 SEK
------------------ Begin receipt -------------------
Time of Sale: 2025-05-19 23:02:32


BigWheel Oatmeal	1 x 31,69	31,69 SEK

Total: 					31,69 SEK
VAT: 1,90
Discount: 				-0,00 SEK
Final: 					31,69 SEK
Cash: 					100,00 SEK
Change: 				68,31 SEK
------------------ End receipt ---------------------
]]></system-out>
  </testcase>
</testsuite>