<?xml version="1.0" encoding="UTF-8"?>
<testsuite xmlns:xsi="http://www.w3.org/2001/XMLSchema-instance" xsi:noNamespaceSchemaLocation="https://maven.apache.org/surefire/maven-surefire-plugin/xsd/surefire-test-report-3.0.xsd" version="3.0" name="se.kth.iv1350.controller.ControllerTest" time="0.059" tests="7" errors="0" skipped="0" failures="0">
  <properties>
[...]
</properties>
  <testcase name="testEndSale" classname="se.kth.iv1350.controller.ControllerTest" time="0.03">
    <system-out><![CDATA[Starting controller...
accountingDB: se.kth.iv1350.integration.AccountingDB@1bd4fdd
discountDB: se.kth.iv1350.integration.DiscountDB@4f83df68
inventoryDB: se.kth.iv1350.integration.InventoryDB@130d63be
Starting printer...
Printer: se.kth.iv1350.integration.Printer@293a5bf6
Adding item: se.kth.iv1350.DTO.ItemDTO@74f0ea28
Total revenue: 31.694000244140625
Adding item: se.kth.iv1350.DTO.ItemDTO@2a4fb17b
Total revenue: 47.487998962402344
----- RECEIPT -----
Date: 2025-05-25T20:44:31.715534300
Items:
BigWheel Oatmeal x2 - 29.9 each
YouGoGo Blueberry x2 - 14.9 each
-------------------
Total: 47.488
VAT: 2.8492799
-------------------

Total revenue: 47.487998962402344
]]></system-out>
  </testcase>
  <testcase name="testAddNullItemThrowsException" classname="se.kth.iv1350.controller.ControllerTest" time="0.006">
    <system-out><![CDATA[Starting controller...
accountingDB: se.kth.iv1350.integration.AccountingDB@22555ebf
discountDB: se.kth.iv1350.integration.DiscountDB@36ebc363
inventoryDB: se.kth.iv1350.integration.InventoryDB@45752059
Starting printer...
Printer: se.kth.iv1350.integration.Printer@34e9fd99
Adding item: se.kth.iv1350.DTO.ItemDTO@3c41ed1d
Total revenue: 31.694000244140625
Adding item: se.kth.iv1350.DTO.ItemDTO@54d9d12d
Total revenue: 47.487998962402344
]]></system-out>
  </testcase>
  <testcase name="testAddItemWithNullDTOThrowsException" classname="se.kth.iv1350.controller.ControllerTest" time="0.003">
    <system-out><![CDATA[Starting controller...
accountingDB: se.kth.iv1350.integration.AccountingDB@6989da5e
discountDB: se.kth.iv1350.integration.DiscountDB@385c9627
inventoryDB: se.kth.iv1350.integration.InventoryDB@139982de
Starting printer...
Printer: se.kth.iv1350.integration.Printer@682b2fa
Adding item: se.kth.iv1350.DTO.ItemDTO@217ed35e
Total revenue: 31.694000244140625
Adding item: se.kth.iv1350.DTO.ItemDTO@7dcf94f8
Total revenue: 47.487998962402344
Adding item: null
]]></system-out>
  </testcase>
  <testcase name="testAddItem" classname="se.kth.iv1350.controller.ControllerTest" time="0.001">
    <system-out><![CDATA[Starting controller...
accountingDB: se.kth.iv1350.integration.AccountingDB@31190526
discountDB: se.kth.iv1350.integration.DiscountDB@662ac478
inventoryDB: se.kth.iv1350.integration.InventoryDB@6743e411
Starting printer...
Printer: se.kth.iv1350.integration.Printer@3eb25e1a
Adding item: se.kth.iv1350.DTO.ItemDTO@477b4cdf
Total revenue: 31.694000244140625
Adding item: se.kth.iv1350.DTO.ItemDTO@77c2494c
Total revenue: 47.487998962402344
Adding item: se.kth.iv1350.DTO.ItemDTO@477b4cdf
Total revenue: 47.487998962402344
]]></system-out>
  </testcase>
  <testcase name="testFindItemNotFoundThrowsException" classname="se.kth.iv1350.controller.ControllerTest" time="0.001">
    <system-out><![CDATA[Starting controller...
accountingDB: se.kth.iv1350.integration.AccountingDB@f5958c9
discountDB: se.kth.iv1350.integration.DiscountDB@233795b6
inventoryDB: se.kth.iv1350.integration.InventoryDB@3eb738bb
Starting printer...
Printer: se.kth.iv1350.integration.Printer@5bda8e08
Adding item: se.kth.iv1350.DTO.ItemDTO@1e800aaa
Total revenue: 31.694000244140625
Adding item: se.kth.iv1350.DTO.ItemDTO@185a6e9
Total revenue: 47.487998962402344
]]></system-out>
  </testcase>
  <testcase name="testFindInvalidItemId" classname="se.kth.iv1350.controller.ControllerTest" time="0.002">
    <system-out><![CDATA[Starting controller...
accountingDB: se.kth.iv1350.integration.AccountingDB@9d5509a
discountDB: se.kth.iv1350.integration.DiscountDB@179ece50
inventoryDB: se.kth.iv1350.integration.InventoryDB@3b0090a4
Starting printer...
Printer: se.kth.iv1350.integration.Printer@3cd3e762
Adding item: se.kth.iv1350.DTO.ItemDTO@1fa121e2
Total revenue: 31.694000244140625
Adding item: se.kth.iv1350.DTO.ItemDTO@7eac9008
Total revenue: 47.487998962402344
]]></system-out>
  </testcase>
  <testcase name="testAddDuplicateItem" classname="se.kth.iv1350.controller.ControllerTest" time="0.002">
    <system-out><![CDATA[Starting controller...
accountingDB: se.kth.iv1350.integration.AccountingDB@62ddbd7e
discountDB: se.kth.iv1350.integration.DiscountDB@74e52ef6
inventoryDB: se.kth.iv1350.integration.InventoryDB@6ed3ccb2
Starting printer...
Printer: se.kth.iv1350.integration.Printer@1a677343
Adding item: se.kth.iv1350.DTO.ItemDTO@15de0b3c
Total revenue: 31.694000244140625
Adding item: se.kth.iv1350.DTO.ItemDTO@489115ef
Total revenue: 47.487998962402344
Adding item: se.kth.iv1350.DTO.ItemDTO@489115ef
Total revenue: 47.487998962402344
]]></system-out>
  </testcase>
</testsuite>